{"/Users/ilxiii/devops-formation-catalog/src/app.js": {"path":"/Users/ilxiii/devops-formation-catalog/src/app.js","statementMap":{"0":{"start":{"line":1,"column":0},"end":{"line":1,"column":28}},"1":{"start":{"line":2,"column":0},"end":{"line":2,"column":27}},"2":{"start":{"line":3,"column":16},"end":{"line":3,"column":34}},"3":{"start":{"line":4,"column":13},"end":{"line":4,"column":28}},"4":{"start":{"line":5,"column":15},"end":{"line":5,"column":41}},"5":{"start":{"line":6,"column":19},"end":{"line":6,"column":53}},"6":{"start":{"line":7,"column":22},"end":{"line":7,"column":56}},"7":{"start":{"line":8,"column":18},"end":{"line":8,"column":46}},"8":{"start":{"line":9,"column":18},"end":{"line":9,"column":47}},"9":{"start":{"line":10,"column":20},"end":{"line":10,"column":47}},"10":{"start":{"line":11,"column":12},"end":{"line":11,"column":21}},"11":{"start":{"line":13,"column":0},"end":{"line":13,"column":16}},"12":{"start":{"line":14,"column":0},"end":{"line":14,"column":20}},"13":{"start":{"line":15,"column":0},"end":{"line":15,"column":24}},"14":{"start":{"line":16,"column":0},"end":{"line":16,"column":48}},"15":{"start":{"line":18,"column":0},"end":{"line":18,"column":72}},"16":{"start":{"line":20,"column":0},"end":{"line":22,"column":3}},"17":{"start":{"line":21,"column":2},"end":{"line":21,"column":71}},"18":{"start":{"line":24,"column":0},"end":{"line":24,"column":40}},"19":{"start":{"line":26,"column":0},"end":{"line":28,"column":3}},"20":{"start":{"line":27,"column":2},"end":{"line":27,"column":55}},"21":{"start":{"line":30,"column":0},"end":{"line":37,"column":3}},"22":{"start":{"line":31,"column":2},"end":{"line":35,"column":5}},"23":{"start":{"line":36,"column":2},"end":{"line":36,"column":61}},"24":{"start":{"line":39,"column":13},"end":{"line":39,"column":37}},"25":{"start":{"line":40,"column":0},"end":{"line":56,"column":1}},"26":{"start":{"line":41,"column":14},"end":{"line":54,"column":1}},"27":{"start":{"line":42,"column":2},"end":{"line":53,"column":3}},"28":{"start":{"line":43,"column":4},"end":{"line":43,"column":35}},"29":{"start":{"line":44,"column":4},"end":{"line":44,"column":52}},"30":{"start":{"line":45,"column":4},"end":{"line":45,"column":42}},"31":{"start":{"line":46,"column":4},"end":{"line":46,"column":36}},"32":{"start":{"line":47,"column":4},"end":{"line":49,"column":7}},"33":{"start":{"line":48,"column":6},"end":{"line":48,"column":63}},"34":{"start":{"line":51,"column":4},"end":{"line":51,"column":55}},"35":{"start":{"line":52,"column":4},"end":{"line":52,"column":20}},"36":{"start":{"line":55,"column":0},"end":{"line":55,"column":8}},"37":{"start":{"line":58,"column":0},"end":{"line":58,"column":21}}},"fnMap":{"0":{"name":"(anonymous_0)","decl":{"start":{"line":20,"column":23},"end":{"line":20,"column":24}},"loc":{"start":{"line":20,"column":37},"end":{"line":22,"column":1}},"line":20},"1":{"name":"(anonymous_1)","decl":{"start":{"line":26,"column":8},"end":{"line":26,"column":9}},"loc":{"start":{"line":26,"column":22},"end":{"line":28,"column":1}},"line":26},"2":{"name":"(anonymous_2)","decl":{"start":{"line":30,"column":8},"end":{"line":30,"column":9}},"loc":{"start":{"line":30,"column":34},"end":{"line":37,"column":1}},"line":30},"3":{"name":"(anonymous_3)","decl":{"start":{"line":41,"column":14},"end":{"line":41,"column":15}},"loc":{"start":{"line":41,"column":26},"end":{"line":54,"column":1}},"line":41},"4":{"name":"(anonymous_4)","decl":{"start":{"line":47,"column":21},"end":{"line":47,"column":22}},"loc":{"start":{"line":47,"column":27},"end":{"line":49,"column":5}},"line":47}},"branchMap":{"0":{"loc":{"start":{"line":39,"column":13},"end":{"line":39,"column":37}},"type":"binary-expr","locations":[{"start":{"line":39,"column":13},"end":{"line":39,"column":29}},{"start":{"line":39,"column":33},"end":{"line":39,"column":37}}],"line":39},"1":{"loc":{"start":{"line":40,"column":0},"end":{"line":56,"column":1}},"type":"if","locations":[{"start":{"line":40,"column":0},"end":{"line":56,"column":1}},{"start":{},"end":{}}],"line":40}},"s":{"0":1,"1":1,"2":1,"3":1,"4":1,"5":1,"6":1,"7":1,"8":1,"9":1,"10":1,"11":1,"12":1,"13":1,"14":1,"15":1,"16":1,"17":1,"18":1,"19":1,"20":1,"21":1,"22":0,"23":0,"24":1,"25":1,"26":0,"27":0,"28":0,"29":0,"30":0,"31":0,"32":0,"33":0,"34":0,"35":0,"36":0,"37":1},"f":{"0":1,"1":1,"2":0,"3":0,"4":0},"b":{"0":[1,0],"1":[0,1]},"_coverageSchema":"1a1c01bbd47fc00a2c39e90264f33305004495a9","hash":"5960aff863f266653043ee74051ffcd6245a32b9"}
,"/Users/ilxiii/devops-formation-catalog/src/config/logger.js": {"path":"/Users/ilxiii/devops-formation-catalog/src/config/logger.js","statementMap":{"0":{"start":{"line":1,"column":16},"end":{"line":1,"column":34}},"1":{"start":{"line":2,"column":22},"end":{"line":2,"column":51}},"2":{"start":{"line":4,"column":18},"end":{"line":4,"column":65}},"3":{"start":{"line":5,"column":21},"end":{"line":5,"column":58}},"4":{"start":{"line":6,"column":12},"end":{"line":6,"column":68}},"5":{"start":{"line":8,"column":24},"end":{"line":18,"column":1}},"6":{"start":{"line":9,"column":15},"end":{"line":9,"column":50}},"7":{"start":{"line":10,"column":2},"end":{"line":16,"column":3}},"8":{"start":{"line":11,"column":20},"end":{"line":11,"column":38}},"9":{"start":{"line":12,"column":4},"end":{"line":15,"column":6}},"10":{"start":{"line":17,"column":2},"end":{"line":17,"column":51}},"11":{"start":{"line":20,"column":25},"end":{"line":67,"column":1}},"12":{"start":{"line":24,"column":32},"end":{"line":24,"column":49}},"13":{"start":{"line":26,"column":21},"end":{"line":34,"column":5}},"14":{"start":{"line":36,"column":4},"end":{"line":38,"column":5}},"15":{"start":{"line":37,"column":6},"end":{"line":37,"column":50}},"16":{"start":{"line":40,"column":4},"end":{"line":42,"column":5}},"17":{"start":{"line":41,"column":6},"end":{"line":41,"column":36}},"18":{"start":{"line":44,"column":4},"end":{"line":51,"column":5}},"19":{"start":{"line":45,"column":18},"end":{"line":45,"column":36}},"20":{"start":{"line":46,"column":6},"end":{"line":50,"column":8}},"21":{"start":{"line":54,"column":21},"end":{"line":58,"column":5}},"22":{"start":{"line":59,"column":4},"end":{"line":63,"column":7}},"23":{"start":{"line":60,"column":6},"end":{"line":62,"column":7}},"24":{"start":{"line":61,"column":8},"end":{"line":61,"column":34}},"25":{"start":{"line":65,"column":4},"end":{"line":65,"column":36}},"26":{"start":{"line":69,"column":15},"end":{"line":76,"column":2}},"27":{"start":{"line":78,"column":0},"end":{"line":78,"column":24}}},"fnMap":{"0":{"name":"(anonymous_0)","decl":{"start":{"line":8,"column":24},"end":{"line":8,"column":25}},"loc":{"start":{"line":8,"column":30},"end":{"line":18,"column":1}},"line":8},"1":{"name":"(anonymous_1)","decl":{"start":{"line":23,"column":24},"end":{"line":23,"column":25}},"loc":{"start":{"line":23,"column":34},"end":{"line":66,"column":3}},"line":23},"2":{"name":"(anonymous_2)","decl":{"start":{"line":59,"column":30},"end":{"line":59,"column":31}},"loc":{"start":{"line":59,"column":39},"end":{"line":63,"column":5}},"line":59}},"branchMap":{"0":{"loc":{"start":{"line":4,"column":19},"end":{"line":4,"column":50}},"type":"binary-expr","locations":[{"start":{"line":4,"column":19},"end":{"line":4,"column":40}},{"start":{"line":4,"column":44},"end":{"line":4,"column":50}}],"line":4},"1":{"loc":{"start":{"line":5,"column":21},"end":{"line":5,"column":58}},"type":"binary-expr","locations":[{"start":{"line":5,"column":21},"end":{"line":5,"column":45}},{"start":{"line":5,"column":49},"end":{"line":5,"column":58}}],"line":5},"2":{"loc":{"start":{"line":6,"column":12},"end":{"line":6,"column":68}},"type":"binary-expr","locations":[{"start":{"line":6,"column":12},"end":{"line":6,"column":27}},{"start":{"line":6,"column":31},"end":{"line":6,"column":51}},{"start":{"line":6,"column":55},"end":{"line":6,"column":68}}],"line":6},"3":{"loc":{"start":{"line":10,"column":2},"end":{"line":16,"column":3}},"type":"if","locations":[{"start":{"line":10,"column":2},"end":{"line":16,"column":3}},{"start":{},"end":{}}],"line":10},"4":{"loc":{"start":{"line":31,"column":15},"end":{"line":31,"column":35}},"type":"binary-expr","locations":[{"start":{"line":31,"column":15},"end":{"line":31,"column":22}},{"start":{"line":31,"column":26},"end":{"line":31,"column":35}}],"line":31},"5":{"loc":{"start":{"line":32,"column":14},"end":{"line":32,"column":33}},"type":"binary-expr","locations":[{"start":{"line":32,"column":14},"end":{"line":32,"column":20}},{"start":{"line":32,"column":24},"end":{"line":32,"column":33}}],"line":32},"6":{"loc":{"start":{"line":36,"column":4},"end":{"line":38,"column":5}},"type":"if","locations":[{"start":{"line":36,"column":4},"end":{"line":38,"column":5}},{"start":{},"end":{}}],"line":36},"7":{"loc":{"start":{"line":40,"column":4},"end":{"line":42,"column":5}},"type":"if","locations":[{"start":{"line":40,"column":4},"end":{"line":42,"column":5}},{"start":{},"end":{}}],"line":40},"8":{"loc":{"start":{"line":44,"column":4},"end":{"line":51,"column":5}},"type":"if","locations":[{"start":{"line":44,"column":4},"end":{"line":51,"column":5}},{"start":{},"end":{}}],"line":44},"9":{"loc":{"start":{"line":44,"column":8},"end":{"line":44,"column":32}},"type":"binary-expr","locations":[{"start":{"line":44,"column":8},"end":{"line":44,"column":18}},{"start":{"line":44,"column":22},"end":{"line":44,"column":32}}],"line":44},"10":{"loc":{"start":{"line":45,"column":18},"end":{"line":45,"column":36}},"type":"binary-expr","locations":[{"start":{"line":45,"column":18},"end":{"line":45,"column":28}},{"start":{"line":45,"column":32},"end":{"line":45,"column":36}}],"line":45},"11":{"loc":{"start":{"line":47,"column":14},"end":{"line":47,"column":58}},"type":"binary-expr","locations":[{"start":{"line":47,"column":14},"end":{"line":47,"column":22}},{"start":{"line":47,"column":26},"end":{"line":47,"column":47}},{"start":{"line":47,"column":51},"end":{"line":47,"column":58}}],"line":47},"12":{"loc":{"start":{"line":48,"column":17},"end":{"line":48,"column":44}},"type":"binary-expr","locations":[{"start":{"line":48,"column":17},"end":{"line":48,"column":28}},{"start":{"line":48,"column":32},"end":{"line":48,"column":44}}],"line":48},"13":{"loc":{"start":{"line":49,"column":20},"end":{"line":49,"column":43}},"type":"binary-expr","locations":[{"start":{"line":49,"column":20},"end":{"line":49,"column":29}},{"start":{"line":49,"column":33},"end":{"line":49,"column":43}}],"line":49},"14":{"loc":{"start":{"line":60,"column":6},"end":{"line":62,"column":7}},"type":"if","locations":[{"start":{"line":60,"column":6},"end":{"line":62,"column":7}},{"start":{},"end":{}}],"line":60}},"s":{"0":1,"1":1,"2":1,"3":1,"4":1,"5":1,"6":25,"7":25,"8":0,"9":0,"10":25,"11":1,"12":25,"13":25,"14":25,"15":0,"16":25,"17":0,"18":25,"19":5,"20":5,"21":25,"22":25,"23":200,"24":80,"25":25,"26":1,"27":1},"f":{"0":25,"1":25,"2":200},"b":{"0":[1,0],"1":[1,0],"2":[1,0,0],"3":[0,25],"4":[25,25],"5":[25,25],"6":[0,25],"7":[0,25],"8":[5,20],"9":[25,20],"10":[5,0],"11":[5,0,0],"12":[5,0],"13":[5,0],"14":[80,120]},"_coverageSchema":"1a1c01bbd47fc00a2c39e90264f33305004495a9","hash":"edd9d32a50e6b25ef33fc2a3dffce4e8ab7e65de"}
,"/Users/ilxiii/devops-formation-catalog/src/config/swagger.js": {"path":"/Users/ilxiii/devops-formation-catalog/src/config/swagger.js","statementMap":{"0":{"start":{"line":1,"column":20},"end":{"line":140,"column":1}},"1":{"start":{"line":142,"column":0},"end":{"line":142,"column":29}}},"fnMap":{},"branchMap":{},"s":{"0":1,"1":1},"f":{},"b":{},"_coverageSchema":"1a1c01bbd47fc00a2c39e90264f33305004495a9","hash":"00d13b1eb204a3a16ba8586bdd5ffc4efcb60c42"}
,"/Users/ilxiii/devops-formation-catalog/src/config/tracing.js": {"path":"/Users/ilxiii/devops-formation-catalog/src/config/tracing.js","statementMap":{"0":{"start":{"line":1,"column":28},"end":{"line":1,"column":67}},"1":{"start":{"line":2,"column":35},"end":{"line":2,"column":70}},"2":{"start":{"line":3,"column":30},"end":{"line":3,"column":76}},"3":{"start":{"line":5,"column":25},"end":{"line":5,"column":74}},"4":{"start":{"line":6,"column":20},"end":{"line":6,"column":57}},"5":{"start":{"line":8,"column":0},"end":{"line":36,"column":1}},"6":{"start":{"line":9,"column":2},"end":{"line":20,"column":5}},"7":{"start":{"line":21,"column":2},"end":{"line":27,"column":6}},"8":{"start":{"line":29,"column":2},"end":{"line":35,"column":6}}},"fnMap":{},"branchMap":{"0":{"loc":{"start":{"line":6,"column":20},"end":{"line":6,"column":57}},"type":"binary-expr","locations":[{"start":{"line":6,"column":20},"end":{"line":6,"column":44}},{"start":{"line":6,"column":48},"end":{"line":6,"column":57}}],"line":6},"1":{"loc":{"start":{"line":8,"column":0},"end":{"line":36,"column":1}},"type":"if","locations":[{"start":{"line":8,"column":0},"end":{"line":36,"column":1}},{"start":{"line":28,"column":7},"end":{"line":36,"column":1}}],"line":8},"2":{"loc":{"start":{"line":24,"column":13},"end":{"line":24,"column":50}},"type":"binary-expr","locations":[{"start":{"line":24,"column":13},"end":{"line":24,"column":37}},{"start":{"line":24,"column":41},"end":{"line":24,"column":50}}],"line":24},"3":{"loc":{"start":{"line":25,"column":9},"end":{"line":25,"column":65}},"type":"binary-expr","locations":[{"start":{"line":25,"column":9},"end":{"line":25,"column":24}},{"start":{"line":25,"column":28},"end":{"line":25,"column":48}},{"start":{"line":25,"column":52},"end":{"line":25,"column":65}}],"line":25},"4":{"loc":{"start":{"line":32,"column":13},"end":{"line":32,"column":50}},"type":"binary-expr","locations":[{"start":{"line":32,"column":13},"end":{"line":32,"column":37}},{"start":{"line":32,"column":41},"end":{"line":32,"column":50}}],"line":32},"5":{"loc":{"start":{"line":33,"column":9},"end":{"line":33,"column":65}},"type":"binary-expr","locations":[{"start":{"line":33,"column":9},"end":{"line":33,"column":24}},{"start":{"line":33,"column":28},"end":{"line":33,"column":48}},{"start":{"line":33,"column":52},"end":{"line":33,"column":65}}],"line":33}},"s":{"0":1,"1":1,"2":1,"3":1,"4":1,"5":1,"6":0,"7":0,"8":1},"f":{},"b":{"0":[1,1],"1":[0,1],"2":[0,0],"3":[0,0,0],"4":[1,1],"5":[1,1,0]},"_coverageSchema":"1a1c01bbd47fc00a2c39e90264f33305004495a9","hash":"5d2d10d1aed558d5ded2ad69a723916e1acd9c1e"}
,"/Users/ilxiii/devops-formation-catalog/src/controllers/product.controller.js": {"path":"/Users/ilxiii/devops-formation-catalog/src/controllers/product.controller.js","statementMap":{"0":{"start":{"line":1,"column":29},"end":{"line":1,"column":57}},"1":{"start":{"line":2,"column":23},"end":{"line":2,"column":61}},"2":{"start":{"line":3,"column":15},"end":{"line":3,"column":42}},"3":{"start":{"line":7,"column":19},"end":{"line":7,"column":40}},"4":{"start":{"line":8,"column":4},"end":{"line":10,"column":5}},"5":{"start":{"line":9,"column":6},"end":{"line":9,"column":62}},"6":{"start":{"line":12,"column":4},"end":{"line":18,"column":5}},"7":{"start":{"line":13,"column":22},"end":{"line":13,"column":66}},"8":{"start":{"line":14,"column":6},"end":{"line":14,"column":43}},"9":{"start":{"line":16,"column":6},"end":{"line":16,"column":58}},"10":{"start":{"line":17,"column":6},"end":{"line":17,"column":94}},"11":{"start":{"line":22,"column":19},"end":{"line":22,"column":40}},"12":{"start":{"line":23,"column":4},"end":{"line":25,"column":5}},"13":{"start":{"line":24,"column":6},"end":{"line":24,"column":62}},"14":{"start":{"line":27,"column":4},"end":{"line":36,"column":5}},"15":{"start":{"line":28,"column":22},"end":{"line":28,"column":81}},"16":{"start":{"line":29,"column":6},"end":{"line":31,"column":7}},"17":{"start":{"line":30,"column":8},"end":{"line":30,"column":97}},"18":{"start":{"line":32,"column":6},"end":{"line":32,"column":43}},"19":{"start":{"line":34,"column":6},"end":{"line":34,"column":58}},"20":{"start":{"line":35,"column":6},"end":{"line":35,"column":94}},"21":{"start":{"line":40,"column":4},"end":{"line":49,"column":5}},"22":{"start":{"line":41,"column":22},"end":{"line":41,"column":71}},"23":{"start":{"line":42,"column":6},"end":{"line":44,"column":7}},"24":{"start":{"line":43,"column":8},"end":{"line":43,"column":97}},"25":{"start":{"line":45,"column":6},"end":{"line":45,"column":79}},"26":{"start":{"line":47,"column":6},"end":{"line":47,"column":58}},"27":{"start":{"line":48,"column":6},"end":{"line":48,"column":94}},"28":{"start":{"line":53,"column":4},"end":{"line":62,"column":5}},"29":{"start":{"line":54,"column":22},"end":{"line":54,"column":72}},"30":{"start":{"line":55,"column":6},"end":{"line":57,"column":7}},"31":{"start":{"line":56,"column":8},"end":{"line":56,"column":97}},"32":{"start":{"line":58,"column":6},"end":{"line":58,"column":43}},"33":{"start":{"line":60,"column":6},"end":{"line":60,"column":55}},"34":{"start":{"line":61,"column":6},"end":{"line":61,"column":94}},"35":{"start":{"line":66,"column":19},"end":{"line":66,"column":40}},"36":{"start":{"line":67,"column":4},"end":{"line":69,"column":5}},"37":{"start":{"line":68,"column":6},"end":{"line":68,"column":62}},"38":{"start":{"line":71,"column":4},"end":{"line":78,"column":5}},"39":{"start":{"line":72,"column":53},"end":{"line":72,"column":62}},"40":{"start":{"line":73,"column":23},"end":{"line":73,"column":98}},"41":{"start":{"line":74,"column":6},"end":{"line":74,"column":44}},"42":{"start":{"line":76,"column":6},"end":{"line":76,"column":59}},"43":{"start":{"line":77,"column":6},"end":{"line":77,"column":94}},"44":{"start":{"line":82,"column":0},"end":{"line":82,"column":41}}},"fnMap":{"0":{"name":"(anonymous_0)","decl":{"start":{"line":6,"column":2},"end":{"line":6,"column":3}},"loc":{"start":{"line":6,"column":25},"end":{"line":19,"column":3}},"line":6},"1":{"name":"(anonymous_1)","decl":{"start":{"line":21,"column":2},"end":{"line":21,"column":3}},"loc":{"start":{"line":21,"column":25},"end":{"line":37,"column":3}},"line":21},"2":{"name":"(anonymous_2)","decl":{"start":{"line":39,"column":2},"end":{"line":39,"column":3}},"loc":{"start":{"line":39,"column":25},"end":{"line":50,"column":3}},"line":39},"3":{"name":"(anonymous_3)","decl":{"start":{"line":52,"column":2},"end":{"line":52,"column":3}},"loc":{"start":{"line":52,"column":26},"end":{"line":63,"column":3}},"line":52},"4":{"name":"(anonymous_4)","decl":{"start":{"line":65,"column":2},"end":{"line":65,"column":3}},"loc":{"start":{"line":65,"column":25},"end":{"line":79,"column":3}},"line":65}},"branchMap":{"0":{"loc":{"start":{"line":8,"column":4},"end":{"line":10,"column":5}},"type":"if","locations":[{"start":{"line":8,"column":4},"end":{"line":10,"column":5}},{"start":{},"end":{}}],"line":8},"1":{"loc":{"start":{"line":23,"column":4},"end":{"line":25,"column":5}},"type":"if","locations":[{"start":{"line":23,"column":4},"end":{"line":25,"column":5}},{"start":{},"end":{}}],"line":23},"2":{"loc":{"start":{"line":29,"column":6},"end":{"line":31,"column":7}},"type":"if","locations":[{"start":{"line":29,"column":6},"end":{"line":31,"column":7}},{"start":{},"end":{}}],"line":29},"3":{"loc":{"start":{"line":42,"column":6},"end":{"line":44,"column":7}},"type":"if","locations":[{"start":{"line":42,"column":6},"end":{"line":44,"column":7}},{"start":{},"end":{}}],"line":42},"4":{"loc":{"start":{"line":55,"column":6},"end":{"line":57,"column":7}},"type":"if","locations":[{"start":{"line":55,"column":6},"end":{"line":57,"column":7}},{"start":{},"end":{}}],"line":55},"5":{"loc":{"start":{"line":67,"column":4},"end":{"line":69,"column":5}},"type":"if","locations":[{"start":{"line":67,"column":4},"end":{"line":69,"column":5}},{"start":{},"end":{}}],"line":67}},"s":{"0":1,"1":1,"2":1,"3":4,"4":4,"5":2,"6":2,"7":2,"8":1,"9":1,"10":1,"11":3,"12":3,"13":0,"14":3,"15":3,"16":2,"17":1,"18":1,"19":1,"20":1,"21":3,"22":3,"23":2,"24":1,"25":1,"26":1,"27":1,"28":3,"29":3,"30":2,"31":1,"32":1,"33":1,"34":1,"35":5,"36":5,"37":1,"38":4,"39":4,"40":4,"41":3,"42":1,"43":1,"44":1},"f":{"0":4,"1":3,"2":3,"3":3,"4":5},"b":{"0":[2,2],"1":[0,3],"2":[1,1],"3":[1,1],"4":[1,1],"5":[1,4]},"_coverageSchema":"1a1c01bbd47fc00a2c39e90264f33305004495a9","hash":"d158eded0f6e5343537f6f1ee652603ccbbd8402"}
,"/Users/ilxiii/devops-formation-catalog/src/middleware/httpLogger.js": {"path":"/Users/ilxiii/devops-formation-catalog/src/middleware/httpLogger.js","statementMap":{"0":{"start":{"line":1,"column":15},"end":{"line":1,"column":42}},"1":{"start":{"line":3,"column":19},"end":{"line":21,"column":1}},"2":{"start":{"line":4,"column":16},"end":{"line":4,"column":26}},"3":{"start":{"line":6,"column":2},"end":{"line":18,"column":5}},"4":{"start":{"line":7,"column":21},"end":{"line":7,"column":39}},"5":{"start":{"line":8,"column":18},"end":{"line":8,"column":91}},"6":{"start":{"line":10,"column":4},"end":{"line":17,"column":7}},"7":{"start":{"line":20,"column":2},"end":{"line":20,"column":9}},"8":{"start":{"line":23,"column":0},"end":{"line":23,"column":28}}},"fnMap":{"0":{"name":"(anonymous_0)","decl":{"start":{"line":3,"column":19},"end":{"line":3,"column":20}},"loc":{"start":{"line":3,"column":39},"end":{"line":21,"column":1}},"line":3},"1":{"name":"(anonymous_1)","decl":{"start":{"line":6,"column":19},"end":{"line":6,"column":20}},"loc":{"start":{"line":6,"column":25},"end":{"line":18,"column":3}},"line":6}},"branchMap":{"0":{"loc":{"start":{"line":8,"column":18},"end":{"line":8,"column":91}},"type":"cond-expr","locations":[{"start":{"line":8,"column":42},"end":{"line":8,"column":49}},{"start":{"line":8,"column":52},"end":{"line":8,"column":91}}],"line":8},"1":{"loc":{"start":{"line":8,"column":52},"end":{"line":8,"column":91}},"type":"cond-expr","locations":[{"start":{"line":8,"column":76},"end":{"line":8,"column":82}},{"start":{"line":8,"column":85},"end":{"line":8,"column":91}}],"line":8},"2":{"loc":{"start":{"line":15,"column":21},"end":{"line":15,"column":65}},"type":"binary-expr","locations":[{"start":{"line":15,"column":21},"end":{"line":15,"column":52}},{"start":{"line":15,"column":56},"end":{"line":15,"column":65}}],"line":15},"3":{"loc":{"start":{"line":16,"column":14},"end":{"line":16,"column":51}},"type":"binary-expr","locations":[{"start":{"line":16,"column":14},"end":{"line":16,"column":38}},{"start":{"line":16,"column":42},"end":{"line":16,"column":51}}],"line":16}},"s":{"0":1,"1":1,"2":20,"3":20,"4":20,"5":20,"6":20,"7":20,"8":1},"f":{"0":20,"1":20},"b":{"0":[5,15],"1":[7,8],"2":[20,20],"3":[20,20]},"_coverageSchema":"1a1c01bbd47fc00a2c39e90264f33305004495a9","hash":"ee35ba3b11d33561671ce5b5c0c967221eacde12"}
,"/Users/ilxiii/devops-formation-catalog/src/middleware/validation.js": {"path":"/Users/ilxiii/devops-formation-catalog/src/middleware/validation.js","statementMap":{"0":{"start":{"line":1,"column":24},"end":{"line":1,"column":52}},"1":{"start":{"line":3,"column":32},"end":{"line":16,"column":1}},"2":{"start":{"line":18,"column":32},"end":{"line":33,"column":1}},"3":{"start":{"line":35,"column":32},"end":{"line":43,"column":1}},"4":{"start":{"line":45,"column":0},"end":{"line":49,"column":2}}},"fnMap":{},"branchMap":{},"s":{"0":1,"1":1,"2":1,"3":1,"4":1},"f":{},"b":{},"_coverageSchema":"1a1c01bbd47fc00a2c39e90264f33305004495a9","hash":"15fe896f0a4ec57f8305ae88e363fe1fb4993a86"}
,"/Users/ilxiii/devops-formation-catalog/src/routes/product.routes.js": {"path":"/Users/ilxiii/devops-formation-catalog/src/routes/product.routes.js","statementMap":{"0":{"start":{"line":1,"column":16},"end":{"line":1,"column":34}},"1":{"start":{"line":2,"column":15},"end":{"line":2,"column":31}},"2":{"start":{"line":3,"column":26},"end":{"line":3,"column":70}},"3":{"start":{"line":8,"column":4},"end":{"line":8,"column":39}},"4":{"start":{"line":10,"column":0},"end":{"line":10,"column":68}},"5":{"start":{"line":11,"column":0},"end":{"line":11,"column":70}},"6":{"start":{"line":12,"column":0},"end":{"line":12,"column":48}},"7":{"start":{"line":13,"column":0},"end":{"line":13,"column":67}},"8":{"start":{"line":14,"column":0},"end":{"line":14,"column":46}},"9":{"start":{"line":16,"column":0},"end":{"line":16,"column":24}}},"fnMap":{},"branchMap":{},"s":{"0":1,"1":1,"2":1,"3":1,"4":1,"5":1,"6":1,"7":1,"8":1,"9":1},"f":{},"b":{},"_coverageSchema":"1a1c01bbd47fc00a2c39e90264f33305004495a9","hash":"87fd677f38dc3320f4f27a1adf708fd514b69f92"}
,"/Users/ilxiii/devops-formation-catalog/src/services/product.service.js": {"path":"/Users/ilxiii/devops-formation-catalog/src/services/product.service.js","statementMap":{"0":{"start":{"line":1,"column":15},"end":{"line":1,"column":35}},"1":{"start":{"line":2,"column":16},"end":{"line":2,"column":50}},"2":{"start":{"line":6,"column":20},"end":{"line":6,"column":46}},"3":{"start":{"line":7,"column":4},"end":{"line":7,"column":19}},"4":{"start":{"line":11,"column":20},"end":{"line":11,"column":46}},"5":{"start":{"line":12,"column":4},"end":{"line":12,"column":30}},"6":{"start":{"line":12,"column":18},"end":{"line":12,"column":30}},"7":{"start":{"line":13,"column":4},"end":{"line":13,"column":31}},"8":{"start":{"line":14,"column":4},"end":{"line":14,"column":19}},"9":{"start":{"line":18,"column":20},"end":{"line":18,"column":46}},"10":{"start":{"line":19,"column":4},"end":{"line":19,"column":31}},"11":{"start":{"line":19,"column":18},"end":{"line":19,"column":31}},"12":{"start":{"line":20,"column":4},"end":{"line":20,"column":28}},"13":{"start":{"line":21,"column":4},"end":{"line":21,"column":16}},"14":{"start":{"line":25,"column":18},"end":{"line":25,"column":20}},"15":{"start":{"line":27,"column":4},"end":{"line":29,"column":5}},"16":{"start":{"line":28,"column":6},"end":{"line":28,"column":47}},"17":{"start":{"line":31,"column":4},"end":{"line":33,"column":5}},"18":{"start":{"line":32,"column":6},"end":{"line":32,"column":55}},"19":{"start":{"line":35,"column":4},"end":{"line":39,"column":5}},"20":{"start":{"line":36,"column":6},"end":{"line":36,"column":23}},"21":{"start":{"line":37,"column":6},"end":{"line":37,"column":77}},"22":{"start":{"line":37,"column":34},"end":{"line":37,"column":77}},"23":{"start":{"line":38,"column":6},"end":{"line":38,"column":77}},"24":{"start":{"line":38,"column":34},"end":{"line":38,"column":77}},"25":{"start":{"line":41,"column":21},"end":{"line":44,"column":6}},"26":{"start":{"line":46,"column":4},"end":{"line":46,"column":20}},"27":{"start":{"line":50,"column":4},"end":{"line":50,"column":32}},"28":{"start":{"line":54,"column":0},"end":{"line":54,"column":38}}},"fnMap":{"0":{"name":"(anonymous_0)","decl":{"start":{"line":5,"column":2},"end":{"line":5,"column":3}},"loc":{"start":{"line":5,"column":28},"end":{"line":8,"column":3}},"line":5},"1":{"name":"(anonymous_1)","decl":{"start":{"line":10,"column":2},"end":{"line":10,"column":3}},"loc":{"start":{"line":10,"column":32},"end":{"line":15,"column":3}},"line":10},"2":{"name":"(anonymous_2)","decl":{"start":{"line":17,"column":2},"end":{"line":17,"column":3}},"loc":{"start":{"line":17,"column":26},"end":{"line":22,"column":3}},"line":17},"3":{"name":"(anonymous_3)","decl":{"start":{"line":24,"column":2},"end":{"line":24,"column":3}},"loc":{"start":{"line":24,"column":63},"end":{"line":47,"column":3}},"line":24},"4":{"name":"(anonymous_4)","decl":{"start":{"line":49,"column":2},"end":{"line":49,"column":3}},"loc":{"start":{"line":49,"column":27},"end":{"line":51,"column":3}},"line":49}},"branchMap":{"0":{"loc":{"start":{"line":12,"column":4},"end":{"line":12,"column":30}},"type":"if","locations":[{"start":{"line":12,"column":4},"end":{"line":12,"column":30}},{"start":{},"end":{}}],"line":12},"1":{"loc":{"start":{"line":19,"column":4},"end":{"line":19,"column":31}},"type":"if","locations":[{"start":{"line":19,"column":4},"end":{"line":19,"column":31}},{"start":{},"end":{}}],"line":19},"2":{"loc":{"start":{"line":27,"column":4},"end":{"line":29,"column":5}},"type":"if","locations":[{"start":{"line":27,"column":4},"end":{"line":29,"column":5}},{"start":{},"end":{}}],"line":27},"3":{"loc":{"start":{"line":31,"column":4},"end":{"line":33,"column":5}},"type":"if","locations":[{"start":{"line":31,"column":4},"end":{"line":33,"column":5}},{"start":{},"end":{}}],"line":31},"4":{"loc":{"start":{"line":35,"column":4},"end":{"line":39,"column":5}},"type":"if","locations":[{"start":{"line":35,"column":4},"end":{"line":39,"column":5}},{"start":{},"end":{}}],"line":35},"5":{"loc":{"start":{"line":35,"column":8},"end":{"line":35,"column":56}},"type":"binary-expr","locations":[{"start":{"line":35,"column":8},"end":{"line":35,"column":30}},{"start":{"line":35,"column":34},"end":{"line":35,"column":56}}],"line":35},"6":{"loc":{"start":{"line":37,"column":6},"end":{"line":37,"column":77}},"type":"if","locations":[{"start":{"line":37,"column":6},"end":{"line":37,"column":77}},{"start":{},"end":{}}],"line":37},"7":{"loc":{"start":{"line":38,"column":6},"end":{"line":38,"column":77}},"type":"if","locations":[{"start":{"line":38,"column":6},"end":{"line":38,"column":77}},{"start":{},"end":{}}],"line":38}},"s":{"0":1,"1":1,"2":2,"3":1,"4":3,"5":2,"6":1,"7":1,"8":1,"9":3,"10":2,"11":1,"12":1,"13":1,"14":4,"15":4,"16":1,"17":4,"18":0,"19":4,"20":1,"21":1,"22":1,"23":1,"24":1,"25":4,"26":3,"27":3,"28":1},"f":{"0":2,"1":3,"2":3,"3":4,"4":3},"b":{"0":[1,1],"1":[1,1],"2":[1,3],"3":[0,4],"4":[1,3],"5":[4,3],"6":[1,0],"7":[1,0]},"_coverageSchema":"1a1c01bbd47fc00a2c39e90264f33305004495a9","hash":"9a99c9c37d3e4b82723078465af489a6ff403f2f"}
}
