TN:
SF:src/app.js
FN:20,(anonymous_0)
FN:26,(anonymous_1)
FN:30,(anonymous_2)
FN:41,(anonymous_3)
FN:47,(anonymous_4)
FNF:5
FNH:2
FNDA:1,(anonymous_0)
FNDA:1,(anonymous_1)
FNDA:0,(anonymous_2)
FNDA:0,(anonymous_3)
FNDA:0,(anonymous_4)
DA:1,1
DA:2,1
DA:3,1
DA:4,1
DA:5,1
DA:6,1
DA:7,1
DA:8,1
DA:9,1
DA:10,1
DA:11,1
DA:13,1
DA:14,1
DA:15,1
DA:16,1
DA:18,1
DA:20,1
DA:21,1
DA:24,1
DA:26,1
DA:27,1
DA:30,1
DA:31,0
DA:36,0
DA:39,1
DA:40,1
DA:41,0
DA:42,0
DA:43,0
DA:44,0
DA:45,0
DA:46,0
DA:47,0
DA:48,0
DA:51,0
DA:52,0
DA:55,0
DA:58,1
LF:38
LH:25
BRDA:39,0,0,1
BRDA:39,0,1,0
BRDA:40,1,0,0
BRDA:40,1,1,1
BRF:4
BRH:2
end_of_record
TN:
SF:src/config/logger.js
FN:8,(anonymous_0)
FN:23,(anonymous_1)
FN:59,(anonymous_2)
FNF:3
FNH:3
FNDA:25,(anonymous_0)
FNDA:25,(anonymous_1)
FNDA:200,(anonymous_2)
DA:1,1
DA:2,1
DA:4,1
DA:5,1
DA:6,1
DA:8,1
DA:9,25
DA:10,25
DA:11,0
DA:12,0
DA:17,25
DA:20,1
DA:24,25
DA:26,25
DA:36,25
DA:37,0
DA:40,25
DA:41,0
DA:44,25
DA:45,5
DA:46,5
DA:54,25
DA:59,25
DA:60,200
DA:61,80
DA:65,25
DA:69,1
DA:78,1
LF:28
LH:24
BRDA:4,0,0,1
BRDA:4,0,1,0
BRDA:5,1,0,1
BRDA:5,1,1,0
BRDA:6,2,0,1
BRDA:6,2,1,0
BRDA:6,2,2,0
BRDA:10,3,0,0
BRDA:10,3,1,25
BRDA:31,4,0,25
BRDA:31,4,1,25
BRDA:32,5,0,25
BRDA:32,5,1,25
BRDA:36,6,0,0
BRDA:36,6,1,25
BRDA:40,7,0,0
BRDA:40,7,1,25
BRDA:44,8,0,5
BRDA:44,8,1,20
BRDA:44,9,0,25
BRDA:44,9,1,20
BRDA:45,10,0,5
BRDA:45,10,1,0
BRDA:47,11,0,5
BRDA:47,11,1,0
BRDA:47,11,2,0
BRDA:48,12,0,5
BRDA:48,12,1,0
BRDA:49,13,0,5
BRDA:49,13,1,0
BRDA:60,14,0,80
BRDA:60,14,1,120
BRF:32
BRH:20
end_of_record
TN:
SF:src/config/swagger.js
FNF:0
FNH:0
DA:1,1
DA:142,1
LF:2
LH:2
BRF:0
BRH:0
end_of_record
TN:
SF:src/config/tracing.js
FNF:0
FNH:0
DA:1,1
DA:2,1
DA:3,1
DA:5,1
DA:6,1
DA:8,1
DA:9,0
DA:21,0
DA:29,1
LF:9
LH:7
BRDA:6,0,0,1
BRDA:6,0,1,1
BRDA:8,1,0,0
BRDA:8,1,1,1
BRDA:24,2,0,0
BRDA:24,2,1,0
BRDA:25,3,0,0
BRDA:25,3,1,0
BRDA:25,3,2,0
BRDA:32,4,0,1
BRDA:32,4,1,1
BRDA:33,5,0,1
BRDA:33,5,1,1
BRDA:33,5,2,0
BRF:14
BRH:7
end_of_record
TN:
SF:src/controllers/product.controller.js
FN:6,(anonymous_0)
FN:21,(anonymous_1)
FN:39,(anonymous_2)
FN:52,(anonymous_3)
FN:65,(anonymous_4)
FNF:5
FNH:5
FNDA:4,(anonymous_0)
FNDA:3,(anonymous_1)
FNDA:3,(anonymous_2)
FNDA:3,(anonymous_3)
FNDA:5,(anonymous_4)
DA:1,1
DA:2,1
DA:3,1
DA:7,4
DA:8,4
DA:9,2
DA:12,2
DA:13,2
DA:14,1
DA:16,1
DA:17,1
DA:22,3
DA:23,3
DA:24,0
DA:27,3
DA:28,3
DA:29,2
DA:30,1
DA:32,1
DA:34,1
DA:35,1
DA:40,3
DA:41,3
DA:42,2
DA:43,1
DA:45,1
DA:47,1
DA:48,1
DA:53,3
DA:54,3
DA:55,2
DA:56,1
DA:58,1
DA:60,1
DA:61,1
DA:66,5
DA:67,5
DA:68,1
DA:71,4
DA:72,4
DA:73,4
DA:74,3
DA:76,1
DA:77,1
DA:82,1
LF:45
LH:44
BRDA:8,0,0,2
BRDA:8,0,1,2
BRDA:23,1,0,0
BRDA:23,1,1,3
BRDA:29,2,0,1
BRDA:29,2,1,1
BRDA:42,3,0,1
BRDA:42,3,1,1
BRDA:55,4,0,1
BRDA:55,4,1,1
BRDA:67,5,0,1
BRDA:67,5,1,4
BRF:12
BRH:11
end_of_record
TN:
SF:src/middleware/httpLogger.js
FN:3,(anonymous_0)
FN:6,(anonymous_1)
FNF:2
FNH:2
FNDA:20,(anonymous_0)
FNDA:20,(anonymous_1)
DA:1,1
DA:3,1
DA:4,20
DA:6,20
DA:7,20
DA:8,20
DA:10,20
DA:20,20
DA:23,1
LF:9
LH:9
BRDA:8,0,0,5
BRDA:8,0,1,15
BRDA:8,1,0,7
BRDA:8,1,1,8
BRDA:15,2,0,20
BRDA:15,2,1,20
BRDA:16,3,0,20
BRDA:16,3,1,20
BRF:8
BRH:8
end_of_record
TN:
SF:src/middleware/validation.js
FNF:0
FNH:0
DA:1,1
DA:3,1
DA:18,1
DA:35,1
DA:45,1
LF:5
LH:5
BRF:0
BRH:0
end_of_record
TN:
SF:src/routes/product.routes.js
FNF:0
FNH:0
DA:1,1
DA:2,1
DA:3,1
DA:8,1
DA:10,1
DA:11,1
DA:12,1
DA:13,1
DA:14,1
DA:16,1
LF:10
LH:10
BRF:0
BRH:0
end_of_record
TN:
SF:src/services/product.service.js
FN:5,(anonymous_0)
FN:10,(anonymous_1)
FN:17,(anonymous_2)
FN:24,(anonymous_3)
FN:49,(anonymous_4)
FNF:5
FNH:5
FNDA:2,(anonymous_0)
FNDA:3,(anonymous_1)
FNDA:3,(anonymous_2)
FNDA:4,(anonymous_3)
FNDA:3,(anonymous_4)
DA:1,1
DA:2,1
DA:6,2
DA:7,1
DA:11,3
DA:12,2
DA:13,1
DA:14,1
DA:18,3
DA:19,2
DA:20,1
DA:21,1
DA:25,4
DA:27,4
DA:28,1
DA:31,4
DA:32,0
DA:35,4
DA:36,1
DA:37,1
DA:38,1
DA:41,4
DA:46,3
DA:50,3
DA:54,1
LF:25
LH:24
BRDA:12,0,0,1
BRDA:12,0,1,1
BRDA:19,1,0,1
BRDA:19,1,1,1
BRDA:27,2,0,1
BRDA:27,2,1,3
BRDA:31,3,0,0
BRDA:31,3,1,4
BRDA:35,4,0,1
BRDA:35,4,1,3
BRDA:35,5,0,4
BRDA:35,5,1,3
BRDA:37,6,0,1
BRDA:37,6,1,0
BRDA:38,7,0,1
BRDA:38,7,1,0
BRF:16
BRH:13
end_of_record
